<?xml version="1.0" encoding="UTF-8"?>
<testsuite xmlns:xsi="http://www.w3.org/2001/XMLSchema-instance" xsi:noNamespaceSchemaLocation="https://maven.apache.org/surefire/maven-surefire-plugin/xsd/surefire-test-report.xsd" name="net.thexcoders.aladin_bot_backend.AlindinBotBackEndApplicationTests" time="3.525" tests="1" errors="0" skipped="0" failures="0">
  <properties>
[...]
</properties>
  <testcase name="contextLoads" classname="net.thexcoders.aladin_bot_backend.AlindinBotBackEndApplicationTests" time="0.356"/>
</testsuite>